<?xml version="1.0" encoding="UTF-8"?>
<testsuites>
  <testsuite name="fastlane.lanes">
    
    
    
      
      <testcase classname="fastlane.lanes" name="0: Verifying required fastlane version" time="0.00138">
        
      </testcase>
    
      
      <testcase classname="fastlane.lanes" name="1: default_platform" time="0.000889">
        
      </testcase>
    
      
      <testcase classname="fastlane.lanes" name="2: gradle" time="238.431431">
        
          <failure message="/Library/Ruby/Gems/2.0.0/gems/fastlane-2.47.0/fastlane/lib/fastlane/actions/actions_helper.rb:48:in `execute_action'&#10;/Library/Ruby/Gems/2.0.0/gems/fastlane-2.47.0/fastlane/lib/fastlane/runner.rb:230:in `block in execute_action'&#10;/Library/Ruby/Gems/2.0.0/gems/fastlane-2.47.0/fastlane/lib/fastlane/runner.rb:226:in `chdir'&#10;/Library/Ruby/Gems/2.0.0/gems/fastlane-2.47.0/fastlane/lib/fastlane/runner.rb:226:in `execute_action'&#10;/Library/Ruby/Gems/2.0.0/gems/fastlane-2.47.0/fastlane/lib/fastlane/runner.rb:148:in `trigger_action_by_name'&#10;/Library/Ruby/Gems/2.0.0/gems/fastlane-2.47.0/fastlane/lib/fastlane/fast_file.rb:146:in `method_missing'&#10;Fastfile:27:in `block (2 levels) in parsing_binding'&#10;/Library/Ruby/Gems/2.0.0/gems/fastlane-2.47.0/fastlane/lib/fastlane/lane.rb:33:in `call'&#10;/Library/Ruby/Gems/2.0.0/gems/fastlane-2.47.0/fastlane/lib/fastlane/lane.rb:33:in `call'&#10;/Library/Ruby/Gems/2.0.0/gems/fastlane-2.47.0/fastlane/lib/fastlane/runner.rb:49:in `block in execute'&#10;/Library/Ruby/Gems/2.0.0/gems/fastlane-2.47.0/fastlane/lib/fastlane/runner.rb:45:in `chdir'&#10;/Library/Ruby/Gems/2.0.0/gems/fastlane-2.47.0/fastlane/lib/fastlane/runner.rb:45:in `execute'&#10;/Library/Ruby/Gems/2.0.0/gems/fastlane-2.47.0/fastlane/lib/fastlane/lane_manager.rb:52:in `cruise_lane'&#10;/Library/Ruby/Gems/2.0.0/gems/fastlane-2.47.0/fastlane/lib/fastlane/command_line_handler.rb:30:in `handle'&#10;/Library/Ruby/Gems/2.0.0/gems/fastlane-2.47.0/fastlane/lib/fastlane/commands_generator.rb:104:in `block (2 levels) in run'&#10;/Library/Ruby/Gems/2.0.0/gems/commander-fastlane-4.4.5/lib/commander/command.rb:178:in `call'&#10;/Library/Ruby/Gems/2.0.0/gems/commander-fastlane-4.4.5/lib/commander/command.rb:178:in `call'&#10;/Library/Ruby/Gems/2.0.0/gems/commander-fastlane-4.4.5/lib/commander/command.rb:153:in `run'&#10;/Library/Ruby/Gems/2.0.0/gems/commander-fastlane-4.4.5/lib/commander/runner.rb:476:in `run_active_command'&#10;/Library/Ruby/Gems/2.0.0/gems/fastlane-2.47.0/fastlane_core/lib/fastlane_core/ui/fastlane_runner.rb:64:in `run!'&#10;/Library/Ruby/Gems/2.0.0/gems/commander-fastlane-4.4.5/lib/commander/delegates.rb:15:in `run!'&#10;/Library/Ruby/Gems/2.0.0/gems/fastlane-2.47.0/fastlane/lib/fastlane/commands_generator.rb:303:in `run'&#10;/Library/Ruby/Gems/2.0.0/gems/fastlane-2.47.0/fastlane/lib/fastlane/commands_generator.rb:42:in `start'&#10;/Library/Ruby/Gems/2.0.0/gems/fastlane-2.47.0/fastlane/lib/fastlane/cli_tools_distributor.rb:66:in `take_off'&#10;/Library/Ruby/Gems/2.0.0/gems/fastlane-2.47.0/bin/fastlane:20:in `&lt;top (required)&gt;'&#10;/usr/local/bin/fastlane:23:in `load'&#10;/usr/local/bin/fastlane:23:in `&lt;top (required)&gt;'&#10;/Library/Ruby/Gems/2.0.0/gems/bundler-1.15.2/lib/bundler/cli/exec.rb:74:in `load'&#10;/Library/Ruby/Gems/2.0.0/gems/bundler-1.15.2/lib/bundler/cli/exec.rb:74:in `kernel_load'&#10;/Library/Ruby/Gems/2.0.0/gems/bundler-1.15.2/lib/bundler/cli/exec.rb:27:in `run'&#10;/Library/Ruby/Gems/2.0.0/gems/bundler-1.15.2/lib/bundler/cli.rb:360:in `exec'&#10;/Library/Ruby/Gems/2.0.0/gems/bundler-1.15.2/lib/bundler/vendor/thor/lib/thor/command.rb:27:in `run'&#10;/Library/Ruby/Gems/2.0.0/gems/bundler-1.15.2/lib/bundler/vendor/thor/lib/thor/invocation.rb:126:in `invoke_command'&#10;/Library/Ruby/Gems/2.0.0/gems/bundler-1.15.2/lib/bundler/vendor/thor/lib/thor.rb:369:in `dispatch'&#10;/Library/Ruby/Gems/2.0.0/gems/bundler-1.15.2/lib/bundler/cli.rb:20:in `dispatch'&#10;/Library/Ruby/Gems/2.0.0/gems/bundler-1.15.2/lib/bundler/vendor/thor/lib/thor/base.rb:444:in `start'&#10;/Library/Ruby/Gems/2.0.0/gems/bundler-1.15.2/lib/bundler/cli.rb:10:in `start'&#10;/Library/Ruby/Gems/2.0.0/gems/bundler-1.15.2/exe/bundle:30:in `block in &lt;top (required)&gt;'&#10;/Library/Ruby/Gems/2.0.0/gems/bundler-1.15.2/lib/bundler/friendly_errors.rb:121:in `with_friendly_errors'&#10;/Library/Ruby/Gems/2.0.0/gems/bundler-1.15.2/exe/bundle:22:in `&lt;top (required)&gt;'&#10;/usr/local/bin/bundle:23:in `load'&#10;/usr/local/bin/bundle:23:in `&lt;main&gt;'&#10;&#10;Exit status of command '/Users/admin/Formation/Industrialisation/TPs/ReactNativeSample/android/gradlew clean assembleRelease -p .' was 1 instead of 0.&#10;Incremental java compilation is an incubating feature.&#10;:app:clean&#10;:react-native-sentry:clean&#10;:app:preBuild UP-TO-DATE&#10;:app:preReleaseBuild UP-TO-DATE&#10;:app:checkReleaseManifest&#10;:app:preDebugBuild UP-TO-DATE&#10;:react-native-sentry:preBuild UP-TO-DATE&#10;:react-native-sentry:preReleaseBuild UP-TO-DATE&#10;:react-native-sentry:checkReleaseManifest&#10;:react-native-sentry:preDebugAndroidTestBuild UP-TO-DATE&#10;:react-native-sentry:preDebugBuild UP-TO-DATE&#10;:react-native-sentry:preDebugUnitTestBuild UP-TO-DATE&#10;:react-native-sentry:preReleaseUnitTestBuild UP-TO-DATE&#10;:react-native-sentry:prepareComAndroidSupportAppcompatV72301Library&#10;:react-native-sentry:prepareComAndroidSupportSupportV42301Library&#10;:react-native-sentry:prepareComFacebookFbuiTextlayoutbuilderTextlayoutbuilder100Library&#10;:react-native-sentry:prepareComFacebookFrescoDrawee101Library&#10;:react-native-sentry:prepareComFacebookFrescoFbcore101Library&#10;:react-native-sentry:prepareComFacebookFrescoFresco101Library&#10;:react-native-sentry:prepareComFacebookFrescoImagepipeline101Library&#10;:react-native-sentry:prepareComFacebookFrescoImagepipelineBase101Library&#10;:react-native-sentry:prepareComFacebookFrescoImagepipelineOkhttp3101Library&#10;:react-native-sentry:prepareComFacebookReactReactNative0451Library&#10;:react-native-sentry:prepareComFacebookSoloaderSoloader010Library&#10;:react-native-sentry:prepareOrgWebkitAndroidJscR174650Library&#10;:react-native-sentry:prepareReleaseDependencies&#10;:react-native-sentry:compileReleaseAidl&#10;:react-native-sentry:compileReleaseNdk UP-TO-DATE&#10;:react-native-sentry:compileLint&#10;:react-native-sentry:copyReleaseLint UP-TO-DATE&#10;:react-native-sentry:compileReleaseRenderscript&#10;:react-native-sentry:generateReleaseBuildConfig&#10;:react-native-sentry:generateReleaseResValues&#10;:react-native-sentry:generateReleaseResources&#10;:react-native-sentry:mergeReleaseResources&#10;:react-native-sentry:processReleaseManifest&#10;:react-native-sentry:processReleaseResources&#10;:react-native-sentry:generateReleaseSources&#10;:react-native-sentry:incrementalReleaseJavaCompilationSafeguard&#10;:react-native-sentry:compileReleaseJavaWithJavac&#10;:react-native-sentry:compileReleaseJavaWithJavac - is not incremental (e.g. outputs have changed, no previous execution, etc.).&#10;Note: Some input files use unchecked or unsafe operations.&#10;Note: Recompile with -Xlint:unchecked for details.&#10;:react-native-sentry:extractReleaseAnnotations&#10;:react-native-sentry:mergeReleaseShaders&#10;:react-native-sentry:compileReleaseShaders&#10;:react-native-sentry:generateReleaseAssets&#10;:react-native-sentry:mergeReleaseAssets&#10;:react-native-sentry:mergeReleaseProguardFiles UP-TO-DATE&#10;:react-native-sentry:packageReleaseRenderscript UP-TO-DATE&#10;:react-native-sentry:packageReleaseResources&#10;:react-native-sentry:processReleaseJavaRes UP-TO-DATE&#10;:react-native-sentry:transformResourcesWithMergeJavaResForRelease&#10;:react-native-sentry:transformClassesAndResourcesWithSyncLibJarsForRelease&#10;:react-native-sentry:mergeReleaseJniLibFolders&#10;:react-native-sentry:transformNative_libsWithMergeJniLibsForRelease&#10;:react-native-sentry:transformNative_libsWithSyncJniLibsForRelease&#10;:react-native-sentry:bundleRelease&#10;:app:prepareComAndroidSupportAppcompatV72301Library&#10;:app:prepareComAndroidSupportSupportV42301Library&#10;:app:prepareComFacebookFbuiTextlayoutbuilderTextlayoutbuilder100Library&#10;:app:prepareComFacebookFrescoDrawee101Library&#10;:app:prepareComFacebookFrescoFbcore101Library&#10;:app:prepareComFacebookFrescoFresco101Library&#10;:app:prepareComFacebookFrescoImagepipeline101Library&#10;:app:prepareComFacebookFrescoImagepipelineBase101Library&#10;:app:prepareComFacebookFrescoImagepipelineOkhttp3101Library&#10;:app:prepareComFacebookReactReactNative0451Library&#10;:app:prepareComFacebookSoloaderSoloader010Library&#10;:app:prepareOrgWebkitAndroidJscR174650Library&#10;:app:prepareReactNativeSampleReactNativeSentryUnspecifiedLibrary&#10;:app:prepareReleaseDependencies&#10;:app:compileReleaseAidl&#10;:app:compileReleaseRenderscript&#10;:app:generateReleaseBuildConfig&#10;:app:mergeReleaseShaders&#10;:app:compileReleaseShaders&#10;:app:generateReleaseAssets&#10;:app:mergeReleaseAssets&#10;:app:generateReleaseResValues&#10;:app:generateReleaseResources&#10;:app:mergeReleaseResources&#10;:app:bundleReleaseJsAndAssets&#10;Scanning 653 folders for symlinks in /Users/admin/Formation/Industrialisation/TPs/ReactNativeSample/node_modules (6ms)&#10;Scanning 653 folders for symlinks in /Users/admin/Formation/Industrialisation/TPs/ReactNativeSample/node_modules (20ms)&#10;Loading dependency graph, done.&#10;warning: the transform cache was reset.&#10;bundle: start&#10;bundle: finish&#10;bundle: Writing bundle output to: /Users/admin/Formation/Industrialisation/TPs/ReactNativeSample/android/app/build/intermediates/assets/release/index.android.bundle&#10;bundle: Copying 8 asset files&#10;bundle: Done writing bundle output&#10;bundle: Done copying assets&#10;:app:processReleaseManifest&#10;:app:processReleaseResources&#10;:app:generateReleaseSources&#10;:app:incrementalReleaseJavaCompilationSafeguard&#10;:app:compileReleaseJavaWithJavac&#10;:app:compileReleaseJavaWithJavac - is not incremental (e.g. outputs have changed, no previous execution, etc.).&#10;:app:compileReleaseNdk UP-TO-DATE&#10;:app:compileReleaseSources&#10;:app:lintVitalRelease&#10;:app:transformClassesWithDexForRelease&#10;Running dex in-process requires build tools 23.0.2.&#10;For faster builds update this project to use the latest build tools.&#10;:app:mergeReleaseJniLibFolders&#10;:app:transformNative_libsWithMergeJniLibsForRelease&#10;:app:processReleaseJavaRes UP-TO-DATE&#10;:app:transformResourcesWithMergeJavaResForRelease&#10;:app:validateSigningRelease FAILED&#10;&#10;FAILURE: Build failed with an exception.&#10;&#10;* What went wrong:&#10;Execution failed for task ':app:validateSigningRelease'.&#10;&gt; Keystore file /Users/admin/Formation/Industrialisation/TPs/ReactNativeSample/android/keystores/formation-key.keystore not found for signing config 'release'.&#10;&#10;* Try:&#10;Run with --stacktrace option to get the stack trace. Run with --info or --debug option to get more log output.&#10;&#10;BUILD FAILED&#10;&#10;Total time: 3 mins 57.702 secs&#10;" />
        
      </testcase>
    
  </testsuite>
</testsuites>
